Library/Bee/Android/Prj/Mono2x/Gradle/unityLibrary/build/intermediates/manifest_merge_blame_file/release/manifest-merger-blame-release-report.txt
1<?xml version="1.0" encoding="utf-8"?>
2<manifest xmlns:android="http://schemas.android.com/apk/res/android"
3    xmlns:tools="http://schemas.android.com/tools"
4    package="com.unity3d.player" >
5
6    <uses-sdk android:minSdkVersion="22" />
6-->src\main\AndroidManifest.xml
7
8    <uses-feature android:glEsVersion="0x00030000" />
8-->src\main\AndroidManifest.xml:18:3-52
8-->src\main\AndroidManifest.xml:18:17-49
9    <uses-feature
9-->src\main\AndroidManifest.xml:19:3-91
10        android:name="android.hardware.vulkan.version"
10-->src\main\AndroidManifest.xml:19:17-63
11        android:required="false" />
11-->src\main\AndroidManifest.xml:19:64-88
12
13    <uses-permission android:name="android.permission.INTERNET" />
13-->src\main\AndroidManifest.xml:20:3-65
13-->src\main\AndroidManifest.xml:20:20-62
14
15    <uses-feature
15-->src\main\AndroidManifest.xml:21:3-88
16        android:name="android.hardware.touchscreen"
16-->src\main\AndroidManifest.xml:21:17-60
17        android:required="false" />
17-->src\main\AndroidManifest.xml:21:61-85
18    <uses-feature
18-->src\main\AndroidManifest.xml:22:3-99
19        android:name="android.hardware.touchscreen.multitouch"
19-->src\main\AndroidManifest.xml:22:17-71
20        android:required="false" />
20-->src\main\AndroidManifest.xml:22:72-96
21    <uses-feature
21-->src\main\AndroidManifest.xml:23:3-108
22        android:name="android.hardware.touchscreen.multitouch.distinct"
22-->src\main\AndroidManifest.xml:23:17-80
23        android:required="false" />
23-->src\main\AndroidManifest.xml:23:81-105
24
25    <application android:extractNativeLibs="true" >
25-->src\main\AndroidManifest.xml:3:3-17:17
25-->src\main\AndroidManifest.xml:3:16-48
26        <activity
26-->src\main\AndroidManifest.xml:4:5-11:16
27            android:name="com.unity3d.player.UnityPlayerActivity"
27-->src\main\AndroidManifest.xml:4:15-68
28            android:configChanges="mcc|mnc|locale|touchscreen|keyboard|keyboardHidden|navigation|orientation|screenLayout|uiMode|screenSize|smallestScreenSize|fontScale|layoutDirection|density"
28-->src\main\AndroidManifest.xml:4:181-362
29            android:exported="true"
29-->src\main\AndroidManifest.xml:4:434-457
30            android:hardwareAccelerated="false"
30-->src\main\AndroidManifest.xml:4:398-433
31            android:launchMode="singleTask"
31-->src\main\AndroidManifest.xml:4:149-180
32            android:resizeableActivity="false"
32-->src\main\AndroidManifest.xml:4:363-397
33            android:screenOrientation="landscape"
33-->src\main\AndroidManifest.xml:4:111-148
34            android:theme="@style/UnityThemeSelector" >
34-->src\main\AndroidManifest.xml:4:69-110
35            <intent-filter>
35-->src\main\AndroidManifest.xml:5:7-8:23
36                <action android:name="android.intent.action.MAIN" />
36-->src\main\AndroidManifest.xml:6:9-61
36-->src\main\AndroidManifest.xml:6:17-58
37
38                <category android:name="android.intent.category.LAUNCHER" />
38-->src\main\AndroidManifest.xml:7:9-69
38-->src\main\AndroidManifest.xml:7:19-66
39            </intent-filter>
40
41            <meta-data
41-->src\main\AndroidManifest.xml:9:7-82
42                android:name="unityplayer.UnityActivity"
42-->src\main\AndroidManifest.xml:9:18-58
43                android:value="true" />
43-->src\main\AndroidManifest.xml:9:59-79
44            <meta-data
44-->src\main\AndroidManifest.xml:10:7-78
45                android:name="android.notch_support"
45-->src\main\AndroidManifest.xml:10:18-54
46                android:value="true" />
46-->src\main\AndroidManifest.xml:10:55-75
47        </activity>
48
49        <meta-data
49-->src\main\AndroidManifest.xml:12:5-69
50            android:name="unity.splash-mode"
50-->src\main\AndroidManifest.xml:12:16-48
51            android:value="0" />
51-->src\main\AndroidManifest.xml:12:49-66
52        <meta-data
52-->src\main\AndroidManifest.xml:13:5-74
53            android:name="unity.splash-enable"
53-->src\main\AndroidManifest.xml:13:16-50
54            android:value="True" />
54-->src\main\AndroidManifest.xml:13:51-71
55        <meta-data
55-->src\main\AndroidManifest.xml:14:5-78
56            android:name="unity.launch-fullscreen"
56-->src\main\AndroidManifest.xml:14:16-54
57            android:value="True" />
57-->src\main\AndroidManifest.xml:14:55-75
58        <meta-data
58-->src\main\AndroidManifest.xml:15:5-81
59            android:name="notch.config"
59-->src\main\AndroidManifest.xml:15:16-43
60            android:value="portrait|landscape" />
60-->src\main\AndroidManifest.xml:15:44-78
61        <meta-data
61-->src\main\AndroidManifest.xml:16:5-84
62            android:name="unity.auto-report-fully-drawn"
62-->src\main\AndroidManifest.xml:16:16-60
63            android:value="true" />
63-->src\main\AndroidManifest.xml:16:61-81
64    </application>
65
66</manifest>